This is pdfTeX, Version 3.14159265-2.6-1.40.20 (MiKTeX 2.9.6980) (preloaded format=pdflatex 2019.3.27)  23 MAR 2020 15:58
entering extended mode
**./sorgente.tex
(sorgente.tex
LaTeX2e <2018-12-01>
(/home/ruben/.miktex/texmfs/install/tex/latex/base/article.cls
Document Class: article 2018/09/03 v1.4i Standard LaTeX document class
(/home/ruben/.miktex/texmfs/install/tex/latex/base/size10.clo
File: size10.clo 2018/09/03 v1.4i Standard LaTeX file (size option)
)
\c@part=\count80
\c@section=\count81
\c@subsection=\count82
\c@subsubsection=\count83
\c@paragraph=\count84
\c@subparagraph=\count85
\c@figure=\count86
\c@table=\count87
\abovecaptionskip=\skip41
\belowcaptionskip=\skip42
\bibindent=\dimen102
)
(/home/ruben/.miktex/texmfs/install/tex/latex/geometry/geometry.sty
Package: geometry 2018/04/16 v5.8 Page Geometry

(/home/ruben/.miktex/texmfs/install/tex/latex/graphics/keyval.sty
Package: keyval 2014/10/28 v1.15 key=value parser (DPC)
\KV@toks@=\toks14
)
(/home/ruben/.miktex/texmfs/install/tex/generic/iftex/ifpdf.sty
Package: ifpdf 2019/10/25 v3.4 ifpdf legacy package. Use iftex instead.

(/home/ruben/.miktex/texmfs/install/tex/generic/iftex/iftex.sty
Package: iftex 2020/03/06 v1.0d TeX engine tests
))
(/home/ruben/.miktex/texmfs/install/tex/generic/iftex/ifvtex.sty
Package: ifvtex 2019/10/25 v1.7 ifvtex legacy package. Use iftex instead.
)
(/home/ruben/.miktex/texmfs/install/tex/generic/iftex/ifxetex.sty
Package: ifxetex 2019/10/25 v0.7 ifxetex legacy package. Use iftex instead.
)
\Gm@cnth=\count88
\Gm@cntv=\count89
\c@Gm@tempcnt=\count90
\Gm@bindingoffset=\dimen103
\Gm@wd@mp=\dimen104
\Gm@odd@mp=\dimen105
\Gm@even@mp=\dimen106
\Gm@layoutwidth=\dimen107
\Gm@layoutheight=\dimen108
\Gm@layouthoffset=\dimen109
\Gm@layoutvoffset=\dimen110
\Gm@dimlist=\toks15

(/home/ruben/.miktex/texmfs/install/tex/latex/geometry/geometry.cfg))
(/home/ruben/.miktex/texmfs/install/tex/generic/babel/babel.sty
Package: babel 2018/11/13 3.27 The Babel package

(/home/ruben/.miktex/texmfs/install/tex/generic/babel/switch.def
File: switch.def 2018/11/13 3.27 Babel switching mechanism
)
*************************************
* Local config file bblopts.cfg used
*
(/home/ruben/.miktex/texmfs/install/tex/latex/arabi/bblopts.cfg
File: bblopts.cfg 2005/09/08 v0.1 add Arabic and Farsi to "declared" options of
 babel
)
(/home/ruben/.miktex/texmfs/install/tex/latex/babel-italian/italian.ldf
Language: italian 2019/01/05 v.1.4.01 Italian support for the babel system

(/home/ruben/.miktex/texmfs/install/tex/generic/babel/babel.def
File: babel.def 2018/11/13 3.27 Babel common definitions
\babel@savecnt=\count91
\U@D=\dimen111

(/home/ruben/.miktex/texmfs/install/tex/generic/babel/txtbabel.def)
\bbl@dirlevel=\count92
)

Package babel Warning: No hyphenation patterns were preloaded for
(babel)                the language `Italian' into the format.
(babel)                Please, configure your TeX system to add them and
(babel)                rebuild the format. Now I will use the patterns
(babel)                preloaded for \language=0 instead on input line 21.

\l@italian = a dialect from \language0
\it@lettering=\count93
\it@doublequoteactive=\count94
\it@ISOcompliance=\count95
)) (/home/ruben/.miktex/texmfs/install/tex/latex/etoolbox/etoolbox.sty
Package: etoolbox 2018/08/19 v2.5f e-TeX tools for LaTeX (JAW)
\etb@tempcnta=\count96
)
(/home/ruben/.miktex/texmfs/install/tex/latex/graphics/graphicx.sty
Package: graphicx 2017/06/01 v1.1a Enhanced LaTeX Graphics (DPC,SPQR)

(/home/ruben/.miktex/texmfs/install/tex/latex/graphics/graphics.sty
Package: graphics 2017/06/25 v1.2c Standard LaTeX Graphics (DPC,SPQR)

(/home/ruben/.miktex/texmfs/install/tex/latex/graphics/trig.sty
Package: trig 2016/01/03 v1.10 sin cos tan (DPC)
)
(/home/ruben/.miktex/texmfs/install/tex/latex/graphics-cfg/graphics.cfg
File: graphics.cfg 2016/06/04 v1.11 sample graphics configuration
)
Package graphics Info: Driver file: pdftex.def on input line 99.

(/home/ruben/.miktex/texmfs/install/tex/latex/graphics-def/pdftex.def
File: pdftex.def 2018/01/08 v1.0l Graphics/color driver for pdftex
))
\Gin@req@height=\dimen112
\Gin@req@width=\dimen113
)
(/home/ruben/.miktex/texmfs/install/tex/latex/tools/longtable.sty
Package: longtable 2014/10/28 v4.11 Multi-page Table package (DPC)+ FMi change
\LTleft=\skip43
\LTright=\skip44
\LTpre=\skip45
\LTpost=\skip46
\LTchunksize=\count97
\LTcapwidth=\dimen114
\LT@head=\box27
\LT@firsthead=\box28
\LT@foot=\box29
\LT@lastfoot=\box30
\LT@cols=\count98
\LT@rows=\count99
\c@LT@tables=\count100
\c@LT@chunks=\count101
\LT@p@ftn=\toks16
)
(/home/ruben/.miktex/texmfs/install/tex/latex/wrapfig/wrapfig.sty
\wrapoverhang=\dimen115
\WF@size=\dimen116
\c@WF@wrappedlines=\count102
\WF@box=\box31
\WF@everypar=\toks17
Package: wrapfig 2003/01/31  v 3.6
)
(/home/ruben/.miktex/texmfs/install/tex/latex/float/float.sty
Package: float 2001/11/08 v1.3d Float enhancements (AL)
\c@float@type=\count103
\float@exts=\toks18
\float@box=\box32
\@float@everytoks=\toks19
\@floatcapt=\box33
)
(/home/ruben/.miktex/texmfs/install/tex/latex/xcolor/xcolor.sty
Package: xcolor 2016/05/11 v2.12 LaTeX color extensions (UK)

(/home/ruben/.miktex/texmfs/install/tex/latex/graphics-cfg/color.cfg
File: color.cfg 2016/01/02 v1.6 sample color configuration
)
Package xcolor Info: Driver file: pdftex.def on input line 225.
Package xcolor Info: Model `cmy' substituted by `cmy0' on input line 1348.
Package xcolor Info: Model `hsb' substituted by `rgb' on input line 1352.
Package xcolor Info: Model `RGB' extended on input line 1364.
Package xcolor Info: Model `HTML' substituted by `rgb' on input line 1366.
Package xcolor Info: Model `Hsb' substituted by `hsb' on input line 1367.
Package xcolor Info: Model `tHsb' substituted by `hsb' on input line 1368.
Package xcolor Info: Model `HSB' substituted by `hsb' on input line 1369.
Package xcolor Info: Model `Gray' substituted by `gray' on input line 1370.
Package xcolor Info: Model `wave' substituted by `hsb' on input line 1371.
)
(/home/ruben/.miktex/texmfs/install/tex/latex/base/fontenc.sty
Package: fontenc 2018/08/11 v2.0j Standard LaTeX package

(/home/ruben/.miktex/texmfs/install/tex/latex/base/t1enc.def
File: t1enc.def 2018/08/11 v2.0j Standard LaTeX file
LaTeX Font Info:    Redeclaring font encoding T1 on input line 48.
))
(/home/ruben/.miktex/texmfs/install/tex/latex/multirow/multirow.sty
Package: multirow 2019/01/01 v2.4 Span multiple rows of a table
\multirow@colwidth=\skip47
\multirow@cntb=\count104
\multirow@dima=\skip48
\bigstrutjot=\dimen117
)
(/home/ruben/.miktex/texmfs/install/tex/latex/tools/verbatim.sty
Package: verbatim 2014/10/28 v1.5q LaTeX2e package for verbatim enhancements
\every@verbatim=\toks20
\verbatim@line=\toks21
\verbatim@in@stream=\read1
) (sorgente.aux)
\openout1 = `sorgente.aux'.

LaTeX Font Info:    Checking defaults for OML/cmm/m/it on input line 16.
LaTeX Font Info:    ... okay on input line 16.
LaTeX Font Info:    Checking defaults for T1/cmr/m/n on input line 16.
LaTeX Font Info:    ... okay on input line 16.
LaTeX Font Info:    Checking defaults for OT1/cmr/m/n on input line 16.
LaTeX Font Info:    ... okay on input line 16.
LaTeX Font Info:    Checking defaults for OMS/cmsy/m/n on input line 16.
LaTeX Font Info:    ... okay on input line 16.
LaTeX Font Info:    Checking defaults for OMX/cmex/m/n on input line 16.
LaTeX Font Info:    ... okay on input line 16.
LaTeX Font Info:    Checking defaults for U/cmr/m/n on input line 16.
LaTeX Font Info:    ... okay on input line 16.

*geometry* driver: auto-detecting
*geometry* detected driver: pdftex
*geometry* verbose mode - [ preamble ] result:
* driver: pdftex
* paper: <default>
* layout: <same size as paper>
* layoutoffset:(h,v)=(0.0pt,0.0pt)
* modes: 
* h-part:(L,W,R)=(92.14519pt, 430.00462pt, 92.14519pt)
* v-part:(T,H,B)=(95.39737pt, 556.47656pt, 143.09605pt)
* \paperwidth=614.295pt
* \paperheight=794.96999pt
* \textwidth=430.00462pt
* \textheight=556.47656pt
* \oddsidemargin=19.8752pt
* \evensidemargin=19.8752pt
* \topmargin=-13.87262pt
* \headheight=12.0pt
* \headsep=25.0pt
* \topskip=10.0pt
* \footskip=30.0pt
* \marginparwidth=65.0pt
* \marginparsep=11.0pt
* \columnsep=10.0pt
* \skip\footins=9.0pt plus 4.0pt minus 2.0pt
* \hoffset=0.0pt
* \voffset=0.0pt
* \mag=1000
* \@twocolumnfalse
* \@twosidefalse
* \@mparswitchfalse
* \@reversemarginfalse
* (1in=72.27pt=25.4mm, 1cm=28.453pt)

LaTeX Info: Redefining \it@ocap on input line 16.
LaTeX Info: Redefining \it@ccap on input line 16.
(/home/ruben/.miktex/texmfs/install/tex/context/base/mkii/supp-pdf.mkii
[Loading MPS to PDF converter (version 2006.09.02).]
\scratchcounter=\count105
\scratchdimen=\dimen118
\scratchbox=\box34
\nofMPsegments=\count106
\nofMParguments=\count107
\everyMPshowfont=\toks22
\MPscratchCnt=\count108
\MPscratchDim=\dimen119
\MPnumerator=\count109
\makeMPintoPDFobject=\count110
\everyMPtoPDFconversion=\toks23
) (/home/ruben/.miktex/texmfs/install/tex/latex/oberdiek/epstopdf-base.sty
Package: epstopdf-base 2016/05/15 v2.6 Base part for package epstopdf

(/home/ruben/.miktex/texmfs/install/tex/generic/oberdiek/infwarerr.sty
Package: infwarerr 2016/05/16 v1.4 Providing info/warning/error messages (HO)
)
(/home/ruben/.miktex/texmfs/install/tex/latex/oberdiek/grfext.sty
Package: grfext 2016/05/16 v1.2 Manage graphics extensions (HO)

(/home/ruben/.miktex/texmfs/install/tex/generic/oberdiek/kvdefinekeys.sty
Package: kvdefinekeys 2016/05/16 v1.4 Define keys (HO)

(/home/ruben/.miktex/texmfs/install/tex/generic/oberdiek/ltxcmds.sty
Package: ltxcmds 2016/05/16 v1.23 LaTeX kernel commands for general use (HO)
)))
(/home/ruben/.miktex/texmfs/install/tex/latex/oberdiek/kvoptions.sty
Package: kvoptions 2016/05/16 v3.12 Key value format for package options (HO)

(/home/ruben/.miktex/texmfs/install/tex/generic/oberdiek/kvsetkeys.sty
Package: kvsetkeys 2016/05/16 v1.17 Key value parser (HO)

(/home/ruben/.miktex/texmfs/install/tex/generic/oberdiek/etexcmds.sty
Package: etexcmds 2016/05/16 v1.6 Avoid name clashes with e-TeX commands (HO)

(/home/ruben/.miktex/texmfs/install/tex/generic/iftex/ifluatex.sty
Package: ifluatex 2019/10/25 v1.5 ifluatex legacy package. Use iftex instead.
))))
(/home/ruben/.miktex/texmfs/install/tex/generic/oberdiek/pdftexcmds.sty
Package: pdftexcmds 2018/09/10 v0.29 Utility functions of pdfTeX for LuaTeX (HO
)
Package pdftexcmds Info: LuaTeX not detected.
Package pdftexcmds Info: \pdf@primitive is available.
Package pdftexcmds Info: \pdf@ifprimitive is available.
Package pdftexcmds Info: \pdfdraftmode found.
)
Package epstopdf-base Info: Redefining graphics rule for `.eps' on input line 4
38.
Package grfext Info: Graphics extension search list:
(grfext)             [.pdf,.png,.jpg,.mps,.jpeg,.jbig2,.jb2,.PDF,.PNG,.JPG,.JPE
G,.JBIG2,.JB2,.eps]
(grfext)             \AppendGraphicsExtensions on input line 456.
)
LaTeX Font Info:    External font `cmex10' loaded for size
(Font)              <12> on input line 18.
LaTeX Font Info:    External font `cmex10' loaded for size
(Font)              <8> on input line 18.
LaTeX Font Info:    External font `cmex10' loaded for size
(Font)              <6> on input line 18.


LaTeX Warning: No \author given.

<file.png, id=1, 225.84375pt x 225.84375pt>
File: file.png Graphic file (type png)
<use file.png>
Package pdftex.def Info: file.png  used on input line 23.
(pdftex.def)             Requested size: 64.49806pt x 64.49709pt.
File: file.png Graphic file (type png)
<use file.png>
Package pdftex.def Info: file.png  used on input line 24.
(pdftex.def)             Requested size: 64.49806pt x 64.49709pt.
File: file.png Graphic file (type png)
<use file.png>
Package pdftex.def Info: file.png  used on input line 25.
(pdftex.def)             Requested size: 64.49806pt x 64.49709pt.
File: file.png Graphic file (type png)
<use file.png>
Package pdftex.def Info: file.png  used on input line 26.
(pdftex.def)             Requested size: 64.49806pt x 64.49709pt.
File: file.png Graphic file (type png)
<use file.png>
Package pdftex.def Info: file.png  used on input line 27.
(pdftex.def)             Requested size: 64.49806pt x 64.49709pt.
File: file.png Graphic file (type png)
<use file.png>
Package pdftex.def Info: file.png  used on input line 28.
(pdftex.def)             Requested size: 64.49806pt x 64.49709pt.
File: file.png Graphic file (type png)
<use file.png>
Package pdftex.def Info: file.png  used on input line 29.
(pdftex.def)             Requested size: 64.49806pt x 64.49709pt.
File: file.png Graphic file (type png)
<use file.png>
Package pdftex.def Info: file.png  used on input line 30.
(pdftex.def)             Requested size: 64.49806pt x 64.49709pt.
File: file.png Graphic file (type png)
<use file.png>
Package pdftex.def Info: file.png  used on input line 31.
(pdftex.def)             Requested size: 64.49806pt x 64.49709pt.
File: file.png Graphic file (type png)
<use file.png>
Package pdftex.def Info: file.png  used on input line 32.
(pdftex.def)             Requested size: 64.49806pt x 64.49709pt.
File: file.png Graphic file (type png)
<use file.png>
Package pdftex.def Info: file.png  used on input line 33.
(pdftex.def)             Requested size: 64.49806pt x 64.49709pt.
File: file.png Graphic file (type png)
<use file.png>
Package pdftex.def Info: file.png  used on input line 34.
(pdftex.def)             Requested size: 64.49806pt x 64.49709pt.
File: file.png Graphic file (type png)
<use file.png>
Package pdftex.def Info: file.png  used on input line 35.
(pdftex.def)             Requested size: 64.49806pt x 64.49709pt.
LaTeX Font Info:    External font `cmex10' loaded for size
(Font)              <7> on input line 39.
LaTeX Font Info:    External font `cmex10' loaded for size
(Font)              <5> on input line 39.
[1

{/home/ruben/.miktex/texmfs/data/pdftex/config/pdftex.map} <./file.png>]
(sorgente.aux) ) 
Here is how much of TeX's memory you used:
 3821 strings out of 494865
 50830 string characters out of 3178317
 132834 words of memory out of 3000000
 7417 multiletter control sequences out of 15000+200000
 8671 words of font info for 26 fonts, out of 3000000 for 9000
 0 hyphenation exceptions out of 8191
 46i,6n,35p,796b,279s stack positions out of 5000i,500n,10000p,200000b,50000s
 </home/ruben/.miktex/texmfs/data/fonts/pk/ljfour/jknappen/ec/d
pi600/ecrm1000.pk> </home/ruben/.miktex/texmfs/data/fonts/pk/ljfour/jknappen/ec
/dpi600/ecrm1728.pk></home/ruben/.miktex/texmfs/install/fonts/type1/public/amsf
onts/cm/cmsy10.pfb>
Output written on sorgente.pdf (1 page, 31675 bytes).
PDF statistics:
 55 PDF objects out of 1000 (max. 8388607)
 0 named destinations out of 1000 (max. 500000)
 6 words of extra memory for PDF output out of 10000 (max. 10000000)

